Assembler report for nios_sys
Wed Nov 24 15:20:12 2021
Quartus Prime Version 20.1.0 Build 711 06/05/2020 SJ Lite Edition


---------------------
; Table of Contents ;
---------------------
  1. Legal Notice
  2. Assembler Summary
  3. Assembler Settings
  4. Assembler Encrypted IP Cores Summary
  5. Assembler Generated Files
  6. Assembler Device Options: nios_sys.sof
  7. Assembler Messages



----------------
; Legal Notice ;
----------------
Copyright (C) 2020  Intel Corporation. All rights reserved.
Your use of Intel Corporation's design tools, logic functions 
and other software and tools, and any partner logic 
functions, and any output files from any of the foregoing 
(including device programming or simulation files), and any 
associated documentation or information are expressly subject 
to the terms and conditions of the Intel Program License 
Subscription Agreement, the Intel Quartus Prime License Agreement,
the Intel FPGA IP License Agreement, or other applicable license
agreement, including, without limitation, that your use is for
the sole purpose of programming logic devices manufactured by
Intel and sold by Intel or its authorized distributors.  Please
refer to the applicable agreement for further details, at
https://fpgasoftware.intel.com/eula.



+---------------------------------------------------------------+
; Assembler Summary                                             ;
+-----------------------+---------------------------------------+
; Assembler Status      ; Successful - Wed Nov 24 15:20:12 2021 ;
; Revision Name         ; nios_sys                              ;
; Top-level Entity Name ; NIOS_SYS                              ;
; Family                ; Cyclone V                             ;
; Device                ; 5CSEMA4U23C6                          ;
+-----------------------+---------------------------------------+


+----------------------------------+
; Assembler Settings               ;
+--------+---------+---------------+
; Option ; Setting ; Default Value ;
+--------+---------+---------------+


+------------------------------------------------+
; Assembler Encrypted IP Cores Summary           ;
+--------+------------------------+--------------+
; Vendor ; IP Core Name           ; License Type ;
+--------+------------------------+--------------+
; Altera ; Signal Tap (6AF7 BCE1) ; Licensed     ;
; Altera ; Signal Tap (6AF7 BCEC) ; Licensed     ;
+--------+------------------------+--------------+


+--------------------------------------------------------------------------------------------------+
; Assembler Generated Files                                                                        ;
+--------------------------------------------------------------------------------------------------+
; File Name                                                                                        ;
+--------------------------------------------------------------------------------------------------+
; /home/krisv/Documentos/Tesis-2021-2/CNN_ Accelerator/hardware/nios_sys/output_files/nios_sys.sof ;
+--------------------------------------------------------------------------------------------------+


+----------------------------------------+
; Assembler Device Options: nios_sys.sof ;
+----------------+-----------------------+
; Option         ; Setting               ;
+----------------+-----------------------+
; JTAG usercode  ; 0x044FB797            ;
; Checksum       ; 0x044FB797            ;
+----------------+-----------------------+


+--------------------+
; Assembler Messages ;
+--------------------+
Info: *******************************************************************
Info: Running Quartus Prime Assembler
    Info: Version 20.1.0 Build 711 06/05/2020 SJ Lite Edition
    Info: Processing started: Wed Nov 24 15:20:02 2021
Info: Command: quartus_asm --read_settings_files=off --write_settings_files=off nios_sys -c nios_sys
Warning (18236): Number of processors has not been specified which may cause overloading on shared machines.  Set the global assignment NUM_PARALLEL_PROCESSORS in your QSF to an appropriate value for best performance.
Info (115030): Assembler is generating device programming files
Info: Quartus Prime Assembler was successful. 0 errors, 1 warning
    Info: Peak virtual memory: 595 megabytes
    Info: Processing ended: Wed Nov 24 15:20:13 2021
    Info: Elapsed time: 00:00:11
    Info: Total CPU time (on all processors): 00:00:11


